{
  "stats": {
    "suites": 4,
    "tests": 7,
    "passes": 7,
    "pending": 0,
    "failures": 0,
    "start": "2025-05-06T16:20:15.339Z",
    "end": "2025-05-06T16:20:30.918Z",
    "duration": 15579,
    "testsRegistered": 7,
    "passPercent": 100,
    "pendingPercent": 0,
    "other": 0,
    "hasOther": false,
    "skipped": 0,
    "hasSkipped": false
  },
  "results": [
    {
      "uuid": "f60e45ed-03e5-4abc-a2b7-d0aabae67c58",
      "title": "",
      "fullFile": "__tests__\\e2e\\mobile-menu.cy.ts",
      "file": "__tests__\\e2e\\mobile-menu.cy.ts",
      "beforeHooks": [],
      "afterHooks": [],
      "tests": [],
      "suites": [
        {
          "uuid": "5144b53b-1343-49c3-acb7-7cfd581d0885",
          "title": "Responsive Navbar (Mobile)",
          "fullFile": "",
          "file": "",
          "beforeHooks": [],
          "afterHooks": [],
          "tests": [],
          "suites": [
            {
              "uuid": "18c2e8f5-bc69-4c22-9eed-2fe2ea33bf53",
              "title": "Mobile Menu Responsiveness",
              "fullFile": "",
              "file": "",
              "beforeHooks": [],
              "afterHooks": [],
              "tests": [
                {
                  "title": "should show hamburger menu on mobile and hide on desktop",
                  "fullTitle": "Responsive Navbar (Mobile) Mobile Menu Responsiveness should show hamburger menu on mobile and hide on desktop",
                  "timedOut": null,
                  "duration": 1973,
                  "state": "passed",
                  "speed": "fast",
                  "pass": true,
                  "fail": false,
                  "pending": false,
                  "context": null,
                  "code": "cy.viewport('iphone-6');\ncy.get(SELECTORS.TOGGLE_MENU).should('be.visible');\ncy.get(SELECTORS.MOBILE_MENU).should('not.be.visible');\ncy.viewport(1024, 768);\ncy.get(SELECTORS.TOGGLE_MENU).should('not.be.visible');\ncy.get(SELECTORS.MOBILE_MENU).should('be.visible');",
                  "err": {},
                  "uuid": "8c979bcd-b032-45dd-8018-97fe3029cc3f",
                  "parentUUID": "18c2e8f5-bc69-4c22-9eed-2fe2ea33bf53",
                  "isHook": false,
                  "skipped": false
                },
                {
                  "title": "should have smooth animations when opening menu",
                  "fullTitle": "Responsive Navbar (Mobile) Mobile Menu Responsiveness should have smooth animations when opening menu",
                  "timedOut": null,
                  "duration": 1892,
                  "state": "passed",
                  "speed": "fast",
                  "pass": true,
                  "fail": false,
                  "pending": false,
                  "context": null,
                  "code": "cy.get(SELECTORS.TOGGLE_MENU).click();\ncy.get(SELECTORS.MOBILE_MENU)\n    .should('be.visible')\n    .and('have.class', 'translate-y-0')\n    .and('have.class', 'opacity-100');\ncy.get(SELECTORS.MOBILE_MENU).find('a').should('have.length', 3);\ncy.get(SELECTORS.MOBILE_MENU).contains(SELECTORS.NAV_LINKS.DASHBOARD).should('be.visible');\ncy.get(SELECTORS.MOBILE_MENU).contains(SELECTORS.NAV_LINKS.TEAM).should('be.visible');\ncy.get(SELECTORS.MOBILE_MENU).contains(SELECTORS.NAV_LINKS.LEAGUE).should('be.visible');",
                  "err": {},
                  "uuid": "3e5b3d39-2e42-49c0-b819-06703873c9b9",
                  "parentUUID": "18c2e8f5-bc69-4c22-9eed-2fe2ea33bf53",
                  "isHook": false,
                  "skipped": false
                },
                {
                  "title": "should have smooth animations when closing menu",
                  "fullTitle": "Responsive Navbar (Mobile) Mobile Menu Responsiveness should have smooth animations when closing menu",
                  "timedOut": null,
                  "duration": 1904,
                  "state": "passed",
                  "speed": "fast",
                  "pass": true,
                  "fail": false,
                  "pending": false,
                  "context": null,
                  "code": "cy.get(SELECTORS.TOGGLE_MENU).click();\ncy.get(SELECTORS.MOBILE_MENU).should('be.visible');\ncy.get(SELECTORS.TOGGLE_MENU).click();\ncy.get(SELECTORS.MOBILE_MENU).should('not.be.visible');",
                  "err": {},
                  "uuid": "20e071c3-3a07-45a5-81b5-89764dcb8f0f",
                  "parentUUID": "18c2e8f5-bc69-4c22-9eed-2fe2ea33bf53",
                  "isHook": false,
                  "skipped": false
                }
              ],
              "suites": [],
              "passes": [
                "8c979bcd-b032-45dd-8018-97fe3029cc3f",
                "3e5b3d39-2e42-49c0-b819-06703873c9b9",
                "20e071c3-3a07-45a5-81b5-89764dcb8f0f"
              ],
              "failures": [],
              "pending": [],
              "skipped": [],
              "duration": 5769,
              "root": false,
              "rootEmpty": false,
              "_timeout": 2000
            },
            {
              "uuid": "daf94c30-1f92-41ce-b034-b9fc7d4b498b",
              "title": "Menu Navigation",
              "fullFile": "",
              "file": "",
              "beforeHooks": [],
              "afterHooks": [],
              "tests": [
                {
                  "title": "should navigate through all menu items",
                  "fullTitle": "Responsive Navbar (Mobile) Menu Navigation should navigate through all menu items",
                  "timedOut": null,
                  "duration": 2793,
                  "state": "passed",
                  "speed": "fast",
                  "pass": true,
                  "fail": false,
                  "pending": false,
                  "context": null,
                  "code": "cy.get(SELECTORS.TOGGLE_MENU).click();\ncy.get(SELECTORS.MOBILE_MENU).should('be.visible');\ncy.get(SELECTORS.MOBILE_MENU).contains(SELECTORS.NAV_LINKS.DASHBOARD).click();\ncy.url().should('include', '/dashboard');\ncy.get(SELECTORS.TOGGLE_MENU).click();\ncy.get(SELECTORS.MOBILE_MENU).contains(SELECTORS.NAV_LINKS.TEAM).click();\ncy.url().should('include', '/team');\ncy.get(SELECTORS.TOGGLE_MENU).click();\ncy.get(SELECTORS.MOBILE_MENU).contains(SELECTORS.NAV_LINKS.LEAGUE).click();\ncy.url().should('include', '/league');",
                  "err": {},
                  "uuid": "dc97b68a-7d7c-465b-a878-0d669e430456",
                  "parentUUID": "daf94c30-1f92-41ce-b034-b9fc7d4b498b",
                  "isHook": false,
                  "skipped": false
                },
                {
                  "title": "should close menu after navigation",
                  "fullTitle": "Responsive Navbar (Mobile) Menu Navigation should close menu after navigation",
                  "timedOut": null,
                  "duration": 2294,
                  "state": "passed",
                  "speed": "fast",
                  "pass": true,
                  "fail": false,
                  "pending": false,
                  "context": null,
                  "code": "cy.get(SELECTORS.TOGGLE_MENU).click();\ncy.get(SELECTORS.MOBILE_MENU).contains(SELECTORS.NAV_LINKS.DASHBOARD).click();\ncy.get(SELECTORS.MOBILE_MENU).should('not.be.visible');",
                  "err": {},
                  "uuid": "d0e7e311-282c-415b-b91f-7066cc264fbf",
                  "parentUUID": "daf94c30-1f92-41ce-b034-b9fc7d4b498b",
                  "isHook": false,
                  "skipped": false
                }
              ],
              "suites": [],
              "passes": [
                "dc97b68a-7d7c-465b-a878-0d669e430456",
                "d0e7e311-282c-415b-b91f-7066cc264fbf"
              ],
              "failures": [],
              "pending": [],
              "skipped": [],
              "duration": 5087,
              "root": false,
              "rootEmpty": false,
              "_timeout": 2000
            },
            {
              "uuid": "c3ec2cc7-83f0-4ada-99d1-a629926c59da",
              "title": "Menu Interaction",
              "fullFile": "",
              "file": "",
              "beforeHooks": [],
              "afterHooks": [],
              "tests": [
                {
                  "title": "should close menu when clicking outside",
                  "fullTitle": "Responsive Navbar (Mobile) Menu Interaction should close menu when clicking outside",
                  "timedOut": null,
                  "duration": 2113,
                  "state": "passed",
                  "speed": "fast",
                  "pass": true,
                  "fail": false,
                  "pending": false,
                  "context": null,
                  "code": "cy.get(SELECTORS.TOGGLE_MENU).click();\ncy.get(SELECTORS.MOBILE_MENU).should('be.visible');\ncy.get('body').click(0, 0);\ncy.get(SELECTORS.MOBILE_MENU).should('not.be.visible');",
                  "err": {},
                  "uuid": "38b22a0b-b838-477d-9df2-b299b00c7a46",
                  "parentUUID": "c3ec2cc7-83f0-4ada-99d1-a629926c59da",
                  "isHook": false,
                  "skipped": false
                },
                {
                  "title": "should close menu when pressing escape key",
                  "fullTitle": "Responsive Navbar (Mobile) Menu Interaction should close menu when pressing escape key",
                  "timedOut": null,
                  "duration": 2170,
                  "state": "passed",
                  "speed": "fast",
                  "pass": true,
                  "fail": false,
                  "pending": false,
                  "context": null,
                  "code": "cy.get(SELECTORS.TOGGLE_MENU).click();\ncy.get(SELECTORS.MOBILE_MENU).should('be.visible');\ncy.get('body').type('{esc}');\ncy.get(SELECTORS.MOBILE_MENU).should('not.be.visible');",
                  "err": {},
                  "uuid": "81279813-fb8d-4bdc-8f0e-b33351daca8b",
                  "parentUUID": "c3ec2cc7-83f0-4ada-99d1-a629926c59da",
                  "isHook": false,
                  "skipped": false
                }
              ],
              "suites": [],
              "passes": [
                "38b22a0b-b838-477d-9df2-b299b00c7a46",
                "81279813-fb8d-4bdc-8f0e-b33351daca8b"
              ],
              "failures": [],
              "pending": [],
              "skipped": [],
              "duration": 4283,
              "root": false,
              "rootEmpty": false,
              "_timeout": 2000
            }
          ],
          "passes": [],
          "failures": [],
          "pending": [],
          "skipped": [],
          "duration": 0,
          "root": false,
          "rootEmpty": false,
          "_timeout": 2000
        }
      ],
      "passes": [],
      "failures": [],
      "pending": [],
      "skipped": [],
      "duration": 0,
      "root": true,
      "rootEmpty": true,
      "_timeout": 2000
    }
  ],
  "meta": {
    "mocha": {
      "version": "7.2.0"
    },
    "mochawesome": {
      "options": {
        "quiet": false,
        "reportFilename": "[name]_[status]_[datetime]",
        "saveHtml": true,
        "saveJson": true,
        "consoleReporter": "spec",
        "useInlineDiffs": false,
        "code": true
      },
      "version": "7.1.3"
    },
    "marge": {
      "options": {
        "reportDir": "cypress/reports",
        "overwrite": false,
        "html": true,
        "json": true,
        "charts": true,
        "reportPageTitle": "Fantasy Game Test Report",
        "embeddedScreenshots": true,
        "inlineAssets": true,
        "reportFilename": "[name]_[status]_[datetime]",
        "timestamp": "yyyy-mm-dd_HH-MM-ss"
      },
      "version": "6.2.0"
    }
  }
}