{
  "stats": {
    "suites": 4,
    "tests": 5,
    "passes": 5,
    "pending": 0,
    "failures": 0,
    "start": "2025-05-06T16:20:33.411Z",
    "end": "2025-05-06T16:20:39.384Z",
    "duration": 5973,
    "testsRegistered": 5,
    "passPercent": 100,
    "pendingPercent": 0,
    "other": 0,
    "hasOther": false,
    "skipped": 0,
    "hasSkipped": false
  },
  "results": [
    {
      "uuid": "c3535fdf-4f82-4e98-9d7c-b1cc258ce6e2",
      "title": "",
      "fullFile": "__tests__\\e2e\\navbar.accessibility.cy.ts",
      "file": "__tests__\\e2e\\navbar.accessibility.cy.ts",
      "beforeHooks": [],
      "afterHooks": [],
      "tests": [],
      "suites": [
        {
          "uuid": "e53d3305-3830-4378-9cfb-3f740a1668ad",
          "title": "Navbar Accessibility",
          "fullFile": "",
          "file": "",
          "beforeHooks": [],
          "afterHooks": [],
          "tests": [],
          "suites": [
            {
              "uuid": "b7145748-95dc-4185-8351-992d0111fe93",
              "title": "Menu Toggle and ARIA",
              "fullFile": "",
              "file": "",
              "beforeHooks": [],
              "afterHooks": [],
              "tests": [
                {
                  "title": "should toggle menu visibility and update ARIA attributes",
                  "fullTitle": "Navbar Accessibility Menu Toggle and ARIA should toggle menu visibility and update ARIA attributes",
                  "timedOut": null,
                  "duration": 1193,
                  "state": "passed",
                  "speed": "fast",
                  "pass": true,
                  "fail": false,
                  "pending": false,
                  "context": null,
                  "code": "cy.get(SELECTORS.MOBILE_MENU).should('have.class', 'invisible');\ncy.get(SELECTORS.TOGGLE_MENU)\n    .should('have.attr', 'aria-label', 'Toggle menu')\n    .and('have.attr', 'aria-controls', 'mobile-menu')\n    .and('have.attr', 'aria-expanded', 'false');\ncy.get(SELECTORS.TOGGLE_MENU).click();\ncy.get(SELECTORS.MOBILE_MENU).should('not.have.class', 'invisible');\ncy.get(SELECTORS.TOGGLE_MENU).should('have.attr', 'aria-expanded', 'true');\ncy.get(SELECTORS.TOGGLE_MENU).click();\ncy.get(SELECTORS.MOBILE_MENU).should('have.class', 'invisible');\ncy.get(SELECTORS.TOGGLE_MENU).should('have.attr', 'aria-expanded', 'false');",
                  "err": {},
                  "uuid": "a505b429-97e5-4e87-a3e5-2a13a3082e42",
                  "parentUUID": "b7145748-95dc-4185-8351-992d0111fe93",
                  "isHook": false,
                  "skipped": false
                }
              ],
              "suites": [],
              "passes": [
                "a505b429-97e5-4e87-a3e5-2a13a3082e42"
              ],
              "failures": [],
              "pending": [],
              "skipped": [],
              "duration": 1193,
              "root": false,
              "rootEmpty": false,
              "_timeout": 2000
            },
            {
              "uuid": "f7a20b18-6d87-448a-bbd0-38cef53375af",
              "title": "Keyboard Navigation and Accessibility",
              "fullFile": "",
              "file": "",
              "beforeHooks": [],
              "afterHooks": [],
              "tests": [
                {
                  "title": "should handle keyboard navigation and menu interaction",
                  "fullTitle": "Navbar Accessibility Keyboard Navigation and Accessibility should handle keyboard navigation and menu interaction",
                  "timedOut": null,
                  "duration": 1422,
                  "state": "passed",
                  "speed": "fast",
                  "pass": true,
                  "fail": false,
                  "pending": false,
                  "context": null,
                  "code": "cy.get(SELECTORS.TOGGLE_MENU)\n    .should('be.visible')\n    .click();\ncy.get(SELECTORS.MOBILE_MENU)\n    .should('be.visible')\n    .and('not.have.class', 'invisible');\ncy.get(SELECTORS.TOGGLE_MENU)\n    .should('have.attr', 'aria-expanded', 'true');\ncy.get('a[href=\"/dashboard\"]')\n    .should('be.visible')\n    .click();\ncy.url().should('include', ROUTES.DASHBOARD);",
                  "err": {},
                  "uuid": "5df686f8-9531-4d87-882d-6c6703f18de1",
                  "parentUUID": "f7a20b18-6d87-448a-bbd0-38cef53375af",
                  "isHook": false,
                  "skipped": false
                },
                {
                  "title": "should close menu with Escape key",
                  "fullTitle": "Navbar Accessibility Keyboard Navigation and Accessibility should close menu with Escape key",
                  "timedOut": null,
                  "duration": 1012,
                  "state": "passed",
                  "speed": "fast",
                  "pass": true,
                  "fail": false,
                  "pending": false,
                  "context": null,
                  "code": "cy.get(SELECTORS.TOGGLE_MENU).click();\ncy.get(SELECTORS.MOBILE_MENU).should('not.have.class', 'invisible');\ncy.get('body').type('{esc}');\ncy.get(SELECTORS.MOBILE_MENU).should('have.class', 'invisible');\ncy.get(SELECTORS.TOGGLE_MENU).should('have.attr', 'aria-expanded', 'false');",
                  "err": {},
                  "uuid": "8fa3517f-7862-4e59-ae97-8c70a91b59c8",
                  "parentUUID": "f7a20b18-6d87-448a-bbd0-38cef53375af",
                  "isHook": false,
                  "skipped": false
                }
              ],
              "suites": [],
              "passes": [
                "5df686f8-9531-4d87-882d-6c6703f18de1",
                "8fa3517f-7862-4e59-ae97-8c70a91b59c8"
              ],
              "failures": [],
              "pending": [],
              "skipped": [],
              "duration": 2434,
              "root": false,
              "rootEmpty": false,
              "_timeout": 2000
            },
            {
              "uuid": "2b6cf46b-7b5c-4f06-a92b-e6df0f51ec20",
              "title": "Navigation and Structure",
              "fullFile": "",
              "file": "",
              "beforeHooks": [],
              "afterHooks": [],
              "tests": [
                {
                  "title": "should navigate to different pages",
                  "fullTitle": "Navbar Accessibility Navigation and Structure should navigate to different pages",
                  "timedOut": null,
                  "duration": 1115,
                  "state": "passed",
                  "speed": "fast",
                  "pass": true,
                  "fail": false,
                  "pending": false,
                  "context": null,
                  "code": "cy.get(SELECTORS.TOGGLE_MENU).click();\ncy.get(SELECTORS.MOBILE_MENU).should('not.have.class', 'invisible');\ncy.contains('Ligas').click();\ncy.url().should('include', ROUTES.LEAGUE);",
                  "err": {},
                  "uuid": "3e4db60e-864e-4741-b7f5-4a2519094d62",
                  "parentUUID": "2b6cf46b-7b5c-4f06-a92b-e6df0f51ec20",
                  "isHook": false,
                  "skipped": false
                },
                {
                  "title": "should have correct semantic structure",
                  "fullTitle": "Navbar Accessibility Navigation and Structure should have correct semantic structure",
                  "timedOut": null,
                  "duration": 971,
                  "state": "passed",
                  "speed": "fast",
                  "pass": true,
                  "fail": false,
                  "pending": false,
                  "context": null,
                  "code": "cy.get('header').should('exist');\ncy.get('nav').should('exist');\ncy.get('h1').should('contain', 'Fantasy FC');\ncy.get(`${SELECTORS.MOBILE_MENU} a`).should('have.length', 3);",
                  "err": {},
                  "uuid": "52247c0a-b470-488a-809d-a930c0de0f6b",
                  "parentUUID": "2b6cf46b-7b5c-4f06-a92b-e6df0f51ec20",
                  "isHook": false,
                  "skipped": false
                }
              ],
              "suites": [],
              "passes": [
                "3e4db60e-864e-4741-b7f5-4a2519094d62",
                "52247c0a-b470-488a-809d-a930c0de0f6b"
              ],
              "failures": [],
              "pending": [],
              "skipped": [],
              "duration": 2086,
              "root": false,
              "rootEmpty": false,
              "_timeout": 2000
            }
          ],
          "passes": [],
          "failures": [],
          "pending": [],
          "skipped": [],
          "duration": 0,
          "root": false,
          "rootEmpty": false,
          "_timeout": 2000
        }
      ],
      "passes": [],
      "failures": [],
      "pending": [],
      "skipped": [],
      "duration": 0,
      "root": true,
      "rootEmpty": true,
      "_timeout": 2000
    }
  ],
  "meta": {
    "mocha": {
      "version": "7.2.0"
    },
    "mochawesome": {
      "options": {
        "quiet": false,
        "reportFilename": "[name]_[status]_[datetime]",
        "saveHtml": true,
        "saveJson": true,
        "consoleReporter": "spec",
        "useInlineDiffs": false,
        "code": true
      },
      "version": "7.1.3"
    },
    "marge": {
      "options": {
        "reportDir": "cypress/reports",
        "overwrite": false,
        "html": true,
        "json": true,
        "charts": true,
        "reportPageTitle": "Fantasy Game Test Report",
        "embeddedScreenshots": true,
        "inlineAssets": true,
        "reportFilename": "[name]_[status]_[datetime]",
        "timestamp": "yyyy-mm-dd_HH-MM-ss"
      },
      "version": "6.2.0"
    }
  }
}