{
  "stats": {
    "suites": 4,
    "tests": 5,
    "passes": 5,
    "pending": 0,
    "failures": 0,
    "start": "2025-05-06T16:38:46.864Z",
    "end": "2025-05-06T16:38:51.715Z",
    "duration": 4851,
    "testsRegistered": 5,
    "passPercent": 100,
    "pendingPercent": 0,
    "other": 0,
    "hasOther": false,
    "skipped": 0,
    "hasSkipped": false
  },
  "results": [
    {
      "uuid": "8340711f-5830-4079-81a7-78d667fc4c02",
      "title": "",
      "fullFile": "__tests__\\e2e\\navbar.accessibility.cy.ts",
      "file": "__tests__\\e2e\\navbar.accessibility.cy.ts",
      "beforeHooks": [],
      "afterHooks": [],
      "tests": [],
      "suites": [
        {
          "uuid": "8db658a3-407e-4274-968b-98e7bffbe605",
          "title": "Navbar Accessibility",
          "fullFile": "",
          "file": "",
          "beforeHooks": [],
          "afterHooks": [],
          "tests": [],
          "suites": [
            {
              "uuid": "3eabacbf-3cfe-4c45-a49f-19c63b34df36",
              "title": "Menu Toggle and ARIA",
              "fullFile": "",
              "file": "",
              "beforeHooks": [],
              "afterHooks": [],
              "tests": [
                {
                  "title": "should toggle menu visibility and update ARIA attributes",
                  "fullTitle": "Navbar Accessibility Menu Toggle and ARIA should toggle menu visibility and update ARIA attributes",
                  "timedOut": null,
                  "duration": 1009,
                  "state": "passed",
                  "speed": "fast",
                  "pass": true,
                  "fail": false,
                  "pending": false,
                  "context": null,
                  "code": "cy.get(SELECTORS.MOBILE_MENU).should('have.class', 'invisible');\ncy.get(SELECTORS.TOGGLE_MENU)\n    .should('have.attr', 'aria-label', 'Toggle menu')\n    .and('have.attr', 'aria-controls', 'mobile-menu')\n    .and('have.attr', 'aria-expanded', 'false');\ncy.get(SELECTORS.TOGGLE_MENU).click();\ncy.get(SELECTORS.MOBILE_MENU).should('not.have.class', 'invisible');\ncy.get(SELECTORS.TOGGLE_MENU).should('have.attr', 'aria-expanded', 'true');\ncy.get(SELECTORS.TOGGLE_MENU).click();\ncy.get(SELECTORS.MOBILE_MENU).should('have.class', 'invisible');\ncy.get(SELECTORS.TOGGLE_MENU).should('have.attr', 'aria-expanded', 'false');",
                  "err": {},
                  "uuid": "e21cb3d6-9032-48c8-b83b-b78beaaaadd1",
                  "parentUUID": "3eabacbf-3cfe-4c45-a49f-19c63b34df36",
                  "isHook": false,
                  "skipped": false
                }
              ],
              "suites": [],
              "passes": [
                "e21cb3d6-9032-48c8-b83b-b78beaaaadd1"
              ],
              "failures": [],
              "pending": [],
              "skipped": [],
              "duration": 1009,
              "root": false,
              "rootEmpty": false,
              "_timeout": 2000
            },
            {
              "uuid": "3e44e241-65e6-4b56-9799-8ce7313978db",
              "title": "Keyboard Navigation and Accessibility",
              "fullFile": "",
              "file": "",
              "beforeHooks": [],
              "afterHooks": [],
              "tests": [
                {
                  "title": "should handle keyboard navigation and menu interaction",
                  "fullTitle": "Navbar Accessibility Keyboard Navigation and Accessibility should handle keyboard navigation and menu interaction",
                  "timedOut": null,
                  "duration": 929,
                  "state": "passed",
                  "speed": "fast",
                  "pass": true,
                  "fail": false,
                  "pending": false,
                  "context": null,
                  "code": "cy.get(SELECTORS.TOGGLE_MENU)\n    .should('be.visible')\n    .click();\ncy.get(SELECTORS.MOBILE_MENU)\n    .should('be.visible')\n    .and('not.have.class', 'invisible');\ncy.get(SELECTORS.TOGGLE_MENU)\n    .should('have.attr', 'aria-expanded', 'true');\ncy.get('a[href=\"/dashboard\"]')\n    .should('be.visible')\n    .click();\ncy.url().should('include', ROUTES.DASHBOARD);",
                  "err": {},
                  "uuid": "5e3aa5cf-e5af-4533-9983-a03b5f71b318",
                  "parentUUID": "3e44e241-65e6-4b56-9799-8ce7313978db",
                  "isHook": false,
                  "skipped": false
                },
                {
                  "title": "should close menu with Escape key",
                  "fullTitle": "Navbar Accessibility Keyboard Navigation and Accessibility should close menu with Escape key",
                  "timedOut": null,
                  "duration": 942,
                  "state": "passed",
                  "speed": "fast",
                  "pass": true,
                  "fail": false,
                  "pending": false,
                  "context": null,
                  "code": "cy.get(SELECTORS.TOGGLE_MENU).click();\ncy.get(SELECTORS.MOBILE_MENU).should('not.have.class', 'invisible');\ncy.get('body').type('{esc}');\ncy.get(SELECTORS.MOBILE_MENU).should('have.class', 'invisible');\ncy.get(SELECTORS.TOGGLE_MENU).should('have.attr', 'aria-expanded', 'false');",
                  "err": {},
                  "uuid": "20d0aef4-958e-40a9-9588-c238bb065f4e",
                  "parentUUID": "3e44e241-65e6-4b56-9799-8ce7313978db",
                  "isHook": false,
                  "skipped": false
                }
              ],
              "suites": [],
              "passes": [
                "5e3aa5cf-e5af-4533-9983-a03b5f71b318",
                "20d0aef4-958e-40a9-9588-c238bb065f4e"
              ],
              "failures": [],
              "pending": [],
              "skipped": [],
              "duration": 1871,
              "root": false,
              "rootEmpty": false,
              "_timeout": 2000
            },
            {
              "uuid": "c707a7aa-b9f6-4f0b-979f-be21a18105df",
              "title": "Navigation and Structure",
              "fullFile": "",
              "file": "",
              "beforeHooks": [],
              "afterHooks": [],
              "tests": [
                {
                  "title": "should navigate to different pages",
                  "fullTitle": "Navbar Accessibility Navigation and Structure should navigate to different pages",
                  "timedOut": null,
                  "duration": 936,
                  "state": "passed",
                  "speed": "fast",
                  "pass": true,
                  "fail": false,
                  "pending": false,
                  "context": null,
                  "code": "cy.get(SELECTORS.TOGGLE_MENU).click();\ncy.get(SELECTORS.MOBILE_MENU).should('not.have.class', 'invisible');\ncy.contains('Ligas').click();\ncy.url().should('include', ROUTES.LEAGUE);",
                  "err": {},
                  "uuid": "d8e136bb-eda2-4e0f-a69f-674a3b527e62",
                  "parentUUID": "c707a7aa-b9f6-4f0b-979f-be21a18105df",
                  "isHook": false,
                  "skipped": false
                },
                {
                  "title": "should have correct semantic structure",
                  "fullTitle": "Navbar Accessibility Navigation and Structure should have correct semantic structure",
                  "timedOut": null,
                  "duration": 827,
                  "state": "passed",
                  "speed": "fast",
                  "pass": true,
                  "fail": false,
                  "pending": false,
                  "context": null,
                  "code": "cy.get('header').should('exist');\ncy.get('nav').should('exist');\ncy.get('h1').should('contain', 'Fantasy FC');\ncy.get(`${SELECTORS.MOBILE_MENU} a`).should('have.length', 3);",
                  "err": {},
                  "uuid": "107ac008-c00b-4949-8360-7a6ddcaeb1d2",
                  "parentUUID": "c707a7aa-b9f6-4f0b-979f-be21a18105df",
                  "isHook": false,
                  "skipped": false
                }
              ],
              "suites": [],
              "passes": [
                "d8e136bb-eda2-4e0f-a69f-674a3b527e62",
                "107ac008-c00b-4949-8360-7a6ddcaeb1d2"
              ],
              "failures": [],
              "pending": [],
              "skipped": [],
              "duration": 1763,
              "root": false,
              "rootEmpty": false,
              "_timeout": 2000
            }
          ],
          "passes": [],
          "failures": [],
          "pending": [],
          "skipped": [],
          "duration": 0,
          "root": false,
          "rootEmpty": false,
          "_timeout": 2000
        }
      ],
      "passes": [],
      "failures": [],
      "pending": [],
      "skipped": [],
      "duration": 0,
      "root": true,
      "rootEmpty": true,
      "_timeout": 2000
    }
  ],
  "meta": {
    "mocha": {
      "version": "7.2.0"
    },
    "mochawesome": {
      "options": {
        "quiet": false,
        "reportFilename": "[name]_[status]_[datetime]",
        "saveHtml": true,
        "saveJson": true,
        "consoleReporter": "spec",
        "useInlineDiffs": false,
        "code": true
      },
      "version": "7.1.3"
    },
    "marge": {
      "options": {
        "reportDir": "cypress/reports",
        "overwrite": false,
        "html": true,
        "json": true,
        "charts": true,
        "reportPageTitle": "Fantasy Game Test Report",
        "embeddedScreenshots": true,
        "inlineAssets": true,
        "reportFilename": "[name]_[status]_[datetime]",
        "timestamp": "yyyy-mm-dd_HH-MM-ss"
      },
      "version": "6.2.0"
    }
  }
}